<?xml version="1.0" encoding="UTF-8"?>
<!-- Generated by org.testng.reporters.JUnitXMLReporter -->
<testsuite ignored="0" hostname="Ganesh" failures="0" tests="10" name="Test" time="6.795" errors="0" timestamp="2023-01-23T18:13:25 IST">
  <testcase classname="pomDemo.LoginTest" name="A" time="6.61"/>
  <testcase classname="pomDemo.Demo" name="B" time="0.004"/>
  <testcase classname="pomDemo.Demo" name="c" time="0.002"/>
  <testcase classname="pomDemo.Demo" name="d" time="0.002"/>
  <testcase classname="pomDemo.Demo" name="e" time="0.003"/>
  <testcase classname="pomDemo.Demo1" name="B" time="0.005"/>
  <testcase classname="pomDemo.Demo1" name="F" time="0.011"/>
  <testcase classname="pomDemo.Demo1" name="c" time="0.002"/>
  <testcase classname="pomDemo.Demo2" name="B" time="0.003"/>
  <testcase classname="pomDemo.Demo2" name="c" time="0.003"/>
</testsuite> <!-- Test -->
