<?xml version="1.0" encoding="UTF-8"?>
<!-- Generated by org.testng.reporters.JUnitXMLReporter -->
<testsuite ignored="0" hostname="Ganesh" failures="0" tests="5" name="Test" time="7.832" errors="0" timestamp="2023-01-23T12:08:34 IST">
  <testcase classname="pomDemo.LoginTest" name="A" time="7.736"/>
  <testcase classname="pomDemo.Demo" name="B" time="0.003"/>
  <testcase classname="pomDemo.Demo" name="c" time="0.002"/>
  <testcase classname="pomDemo.Demo1" name="B" time="0.002"/>
  <testcase classname="pomDemo.Demo2" name="B" time="0.003"/>
</testsuite> <!-- Test -->
