<?xml version="1.0" encoding="UTF-8"?>
<testng-results ignored="0" total="8" passed="8" failed="0" skipped="0">
  <reporter-output>
  </reporter-output>
  <suite started-at="2023-01-23T17:59:40 IST" name="Suite" finished-at="2023-01-23T17:59:47 IST" duration-ms="7509">
    <groups>
    </groups>
    <test started-at="2023-01-23T17:59:40 IST" name="Test" finished-at="2023-01-23T17:59:47 IST" duration-ms="7509">
      <class name="pomDemo.LoginTest">
        <test-method signature="A()[pri:0, instance:pomDemo.LoginTest@1e1a0406]" started-at="2023-01-23T17:59:40 IST" name="A" finished-at="2023-01-23T17:59:47 IST" duration-ms="7393" status="PASS">
          <reporter-output>
          </reporter-output>
        </test-method> <!-- A -->
      </class> <!-- pomDemo.LoginTest -->
      <class name="pomDemo.Demo">
        <test-method signature="B()[pri:0, instance:pomDemo.Demo@2dc54ad4]" started-at="2023-01-23T17:59:47 IST" name="B" finished-at="2023-01-23T17:59:47 IST" duration-ms="3" status="PASS">
          <reporter-output>
          </reporter-output>
        </test-method> <!-- B -->
        <test-method signature="c()[pri:0, instance:pomDemo.Demo@2dc54ad4]" started-at="2023-01-23T17:59:47 IST" name="c" finished-at="2023-01-23T17:59:47 IST" duration-ms="3" status="PASS">
          <reporter-output>
          </reporter-output>
        </test-method> <!-- c -->
        <test-method signature="d()[pri:0, instance:pomDemo.Demo@2dc54ad4]" started-at="2023-01-23T17:59:47 IST" name="d" finished-at="2023-01-23T17:59:47 IST" duration-ms="2" status="PASS">
          <reporter-output>
          </reporter-output>
        </test-method> <!-- d -->
        <test-method signature="e()[pri:0, instance:pomDemo.Demo@2dc54ad4]" started-at="2023-01-23T17:59:47 IST" name="e" finished-at="2023-01-23T17:59:47 IST" duration-ms="3" status="PASS">
          <reporter-output>
          </reporter-output>
        </test-method> <!-- e -->
      </class> <!-- pomDemo.Demo -->
      <class name="pomDemo.Demo1">
        <test-method signature="B()[pri:0, instance:pomDemo.Demo1@55634720]" started-at="2023-01-23T17:59:47 IST" name="B" finished-at="2023-01-23T17:59:47 IST" duration-ms="2" status="PASS">
          <reporter-output>
          </reporter-output>
        </test-method> <!-- B -->
        <test-method signature="c()[pri:0, instance:pomDemo.Demo1@55634720]" started-at="2023-01-23T17:59:47 IST" name="c" finished-at="2023-01-23T17:59:47 IST" duration-ms="4" status="PASS">
          <reporter-output>
          </reporter-output>
        </test-method> <!-- c -->
      </class> <!-- pomDemo.Demo1 -->
      <class name="pomDemo.Demo2">
        <test-method signature="B()[pri:0, instance:pomDemo.Demo2@4b0d79fc]" started-at="2023-01-23T17:59:47 IST" name="B" finished-at="2023-01-23T17:59:47 IST" duration-ms="2" status="PASS">
          <reporter-output>
          </reporter-output>
        </test-method> <!-- B -->
      </class> <!-- pomDemo.Demo2 -->
    </test> <!-- Test -->
  </suite> <!-- Suite -->
</testng-results>
